Uncaught javax.persistence.PersistenceException exception in thread "main" in a method org.eclipse.persistence.internal.jpa.EntityManagerFactoryDelegate.getAbstractSession() with signature ()Lorg/eclipse/persistence/internal/sessions/AbstractSession;
Exception in thread "main" javax.persistence.PersistenceException: Exception [EclipseLink-4002] (Eclipse Persistence Services - 2.6.0.v20140809-296a69f): org.eclipse.persistence.exceptions.DatabaseException
Internal Exception: com.mysql.jdbc.exceptions.jdbc4.MySQLSyntaxErrorException: Unknown database 'School'
Error Code: 1049
	at org.eclipse.persistence.internal.jpa.EntityManagerSetupImpl.deploy(EntityManagerSetupImpl.java:783) [jar:file:/home/edson/Downloads/eclipselink-2.6.0-M3.jar!/org/eclipse/persistence/internal/jpa/EntityManagerSetupImpl.class]
	at org.eclipse.persistence.internal.jpa.EntityManagerFactoryDelegate.getAbstractSession(EntityManagerFactoryDelegate.java:205) [jar:file:/home/edson/Downloads/eclipselink-2.6.0-M3.jar!/org/eclipse/persistence/internal/jpa/EntityManagerFactoryDelegate.class]
	at org.eclipse.persistence.internal.jpa.EntityManagerFactoryDelegate.createEntityManagerImpl(EntityManagerFactoryDelegate.java:305) [jar:file:/home/edson/Downloads/eclipselink-2.6.0-M3.jar!/org/eclipse/persistence/internal/jpa/EntityManagerFactoryDelegate.class]
	at org.eclipse.persistence.internal.jpa.EntityManagerFactoryImpl.createEntityManagerImpl(EntityManagerFactoryImpl.java:337) [jar:file:/home/edson/Downloads/eclipselink-2.6.0-M3.jar!/org/eclipse/persistence/internal/jpa/EntityManagerFactoryImpl.class]
	at org.eclipse.persistence.internal.jpa.EntityManagerFactoryImpl.createEntityManager(EntityManagerFactoryImpl.java:303) [jar:file:/home/edson/Downloads/eclipselink-2.6.0-M3.jar!/org/eclipse/persistence/internal/jpa/EntityManagerFactoryImpl.class]
	at org.eclipse.jpt.jpa.eclipselink.core.ddlgen.Main.generate(Main.java:90) [jar:file:/home/edson/Documents/eclipse/plugins/org.eclipse.jpt.jpa.eclipselink.core.ddlgen_2.2.100.v201309202144.jar!/org/eclipse/jpt/jpa/eclipselink/core/ddlgen/Main.class]
	at org.eclipse.jpt.jpa.eclipselink.core.ddlgen.Main.execute(Main.java:81) [jar:file:/home/edson/Documents/eclipse/plugins/org.eclipse.jpt.jpa.eclipselink.core.ddlgen_2.2.100.v201309202144.jar!/org/eclipse/jpt/jpa/eclipselink/core/ddlgen/Main.class]
	at org.eclipse.jpt.jpa.eclipselink.core.ddlgen.Main.main(Main.java:68) [jar:file:/home/edson/Documents/eclipse/plugins/org.eclipse.jpt.jpa.eclipselink.core.ddlgen_2.2.100.v201309202144.jar!/org/eclipse/jpt/jpa/eclipselink/core/ddlgen/Main.class]
Caused by: Exception [EclipseLink-4002] (Eclipse Persistence Services - 2.6.0.v20140809-296a69f): org.eclipse.persistence.exceptions.DatabaseException
Internal Exception: com.mysql.jdbc.exceptions.jdbc4.MySQLSyntaxErrorException: Unknown database 'School'
Error Code: 1049
	at org.eclipse.persistence.exceptions.DatabaseException.sqlException(DatabaseException.java:331) [jar:file:/home/edson/Downloads/eclipselink-2.6.0-M3.jar!/org/eclipse/persistence/exceptions/DatabaseException.class]
	at org.eclipse.persistence.exceptions.DatabaseException.sqlException(DatabaseException.java:326) [jar:file:/home/edson/Downloads/eclipselink-2.6.0-M3.jar!/org/eclipse/persistence/exceptions/DatabaseException.class]
	at org.eclipse.persistence.sessions.DefaultConnector.connect(DefaultConnector.java:138) [jar:file:/home/edson/Downloads/eclipselink-2.6.0-M3.jar!/org/eclipse/persistence/sessions/DefaultConnector.class]
	at org.eclipse.persistence.sessions.DatasourceLogin.connectToDatasource(DatasourceLogin.java:162) [jar:file:/home/edson/Downloads/eclipselink-2.6.0-M3.jar!/org/eclipse/persistence/sessions/DatasourceLogin.class]
	at org.eclipse.persistence.internal.sessions.DatabaseSessionImpl.setOrDetectDatasource(DatabaseSessionImpl.java:204) [jar:file:/home/edson/Downloads/eclipselink-2.6.0-M3.jar!/org/eclipse/persistence/internal/sessions/DatabaseSessionImpl.class]
	at org.eclipse.persistence.internal.sessions.DatabaseSessionImpl.loginAndDetectDatasource(DatabaseSessionImpl.java:741) [jar:file:/home/edson/Downloads/eclipselink-2.6.0-M3.jar!/org/eclipse/persistence/internal/sessions/DatabaseSessionImpl.class]
	at org.eclipse.persistence.internal.jpa.EntityManagerFactoryProvider.login(EntityManagerFactoryProvider.java:253) [jar:file:/home/edson/Downloads/eclipselink-2.6.0-M3.jar!/org/eclipse/persistence/internal/jpa/EntityManagerFactoryProvider.class]
	at org.eclipse.persistence.internal.jpa.EntityManagerSetupImpl.deploy(EntityManagerSetupImpl.java:702) [jar:file:/home/edson/Downloads/eclipselink-2.6.0-M3.jar!/org/eclipse/persistence/internal/jpa/EntityManagerSetupImpl.class]
	at org.eclipse.persistence.internal.jpa.EntityManagerFactoryDelegate.getAbstractSession(EntityManagerFactoryDelegate.java:205) [jar:file:/home/edson/Downloads/eclipselink-2.6.0-M3.jar!/org/eclipse/persistence/internal/jpa/EntityManagerFactoryDelegate.class]
	at org.eclipse.persistence.internal.jpa.EntityManagerFactoryDelegate.createEntityManagerImpl(EntityManagerFactoryDelegate.java:305) [jar:file:/home/edson/Downloads/eclipselink-2.6.0-M3.jar!/org/eclipse/persistence/internal/jpa/EntityManagerFactoryDelegate.class]
	at org.eclipse.persistence.internal.jpa.EntityManagerFactoryImpl.createEntityManagerImpl(EntityManagerFactoryImpl.java:337) [jar:file:/home/edson/Downloads/eclipselink-2.6.0-M3.jar!/org/eclipse/persistence/internal/jpa/EntityManagerFactoryImpl.class]
	at org.eclipse.persistence.internal.jpa.EntityManagerFactoryImpl.createEntityManager(EntityManagerFactoryImpl.java:303) [jar:file:/home/edson/Downloads/eclipselink-2.6.0-M3.jar!/org/eclipse/persistence/internal/jpa/EntityManagerFactoryImpl.class]
	at org.eclipse.jpt.jpa.eclipselink.core.ddlgen.Main.generate(Main.java:90) [jar:file:/home/edson/Documents/eclipse/plugins/org.eclipse.jpt.jpa.eclipselink.core.ddlgen_2.2.100.v201309202144.jar!/org/eclipse/jpt/jpa/eclipselink/core/ddlgen/Main.class]
	at org.eclipse.jpt.jpa.eclipselink.core.ddlgen.Main.execute(Main.java:81) [jar:file:/home/edson/Documents/eclipse/plugins/org.eclipse.jpt.jpa.eclipselink.core.ddlgen_2.2.100.v201309202144.jar!/org/eclipse/jpt/jpa/eclipselink/core/ddlgen/Main.class]
	at org.eclipse.jpt.jpa.eclipselink.core.ddlgen.Main.main(Main.java:68) [jar:file:/home/edson/Documents/eclipse/plugins/org.eclipse.jpt.jpa.eclipselink.core.ddlgen_2.2.100.v201309202144.jar!/org/eclipse/jpt/jpa/eclipselink/core/ddlgen/Main.class]
Caused by: com.mysql.jdbc.exceptions.jdbc4.MySQLSyntaxErrorException: Unknown database 'School'
	at sun.reflect.NativeConstructorAccessorImpl.newInstance0(Native Method) [jar:file:/usr/lib/jvm/java-1.8.0-openjdk-1.8.0.25.x86_64/jre/lib/rt.jar!/sun/reflect/NativeConstructorAccessorImpl.class]
	at sun.reflect.NativeConstructorAccessorImpl.newInstance(NativeConstructorAccessorImpl.java:62) [jar:file:/usr/lib/jvm/java-1.8.0-openjdk-1.8.0.25.x86_64/jre/lib/rt.jar!/sun/reflect/NativeConstructorAccessorImpl.class]
	at sun.reflect.DelegatingConstructorAccessorImpl.newInstance(DelegatingConstructorAccessorImpl.java:45) [jar:file:/usr/lib/jvm/java-1.8.0-openjdk-1.8.0.25.x86_64/jre/lib/rt.jar!/sun/reflect/DelegatingConstructorAccessorImpl.class]
	at java.lang.reflect.Constructor.newInstance(Constructor.java:408) [jar:file:/usr/lib/jvm/java-1.8.0-openjdk-1.8.0.25.x86_64/jre/lib/rt.jar!/java/lang/reflect/Constructor.class]
	at com.mysql.jdbc.Util.handleNewInstance(Util.java:377) [jar:file:/home/edson/Downloads/mysql-connector-java-5.1.34%20(1).jar!/com/mysql/jdbc/Util.class]
	at com.mysql.jdbc.Util.getInstance(Util.java:360) [jar:file:/home/edson/Downloads/mysql-connector-java-5.1.34%20(1).jar!/com/mysql/jdbc/Util.class]
	at com.mysql.jdbc.SQLError.createSQLException(SQLError.java:978) [jar:file:/home/edson/Downloads/mysql-connector-java-5.1.34%20(1).jar!/com/mysql/jdbc/SQLError.class]
	at com.mysql.jdbc.MysqlIO.checkErrorPacket(MysqlIO.java:3887) [jar:file:/home/edson/Downloads/mysql-connector-java-5.1.34%20(1).jar!/com/mysql/jdbc/MysqlIO.class]
	at com.mysql.jdbc.MysqlIO.checkErrorPacket(MysqlIO.java:3823) [jar:file:/home/edson/Downloads/mysql-connector-java-5.1.34%20(1).jar!/com/mysql/jdbc/MysqlIO.class]
	at com.mysql.jdbc.MysqlIO.checkErrorPacket(MysqlIO.java:870) [jar:file:/home/edson/Downloads/mysql-connector-java-5.1.34%20(1).jar!/com/mysql/jdbc/MysqlIO.class]
	at com.mysql.jdbc.MysqlIO.proceedHandshakeWithPluggableAuthentication(MysqlIO.java:1659) [jar:file:/home/edson/Downloads/mysql-connector-java-5.1.34%20(1).jar!/com/mysql/jdbc/MysqlIO.class]
	at com.mysql.jdbc.MysqlIO.doHandshake(MysqlIO.java:1206) [jar:file:/home/edson/Downloads/mysql-connector-java-5.1.34%20(1).jar!/com/mysql/jdbc/MysqlIO.class]
	at com.mysql.jdbc.ConnectionImpl.coreConnect(ConnectionImpl.java:2234) [jar:file:/home/edson/Downloads/mysql-connector-java-5.1.34%20(1).jar!/com/mysql/jdbc/ConnectionImpl.class]
	at com.mysql.jdbc.ConnectionImpl.connectOneTryOnly(ConnectionImpl.java:2265) [jar:file:/home/edson/Downloads/mysql-connector-java-5.1.34%20(1).jar!/com/mysql/jdbc/ConnectionImpl.class]
	at com.mysql.jdbc.ConnectionImpl.createNewIO(ConnectionImpl.java:2064) [jar:file:/home/edson/Downloads/mysql-connector-java-5.1.34%20(1).jar!/com/mysql/jdbc/ConnectionImpl.class]
	at com.mysql.jdbc.ConnectionImpl.<init>(ConnectionImpl.java:790) [jar:file:/home/edson/Downloads/mysql-connector-java-5.1.34%20(1).jar!/com/mysql/jdbc/ConnectionImpl.class]
	at com.mysql.jdbc.JDBC4Connection.<init>(JDBC4Connection.java:44) [jar:file:/home/edson/Downloads/mysql-connector-java-5.1.34%20(1).jar!/com/mysql/jdbc/JDBC4Connection.class]
	at sun.reflect.NativeConstructorAccessorImpl.newInstance0(Native Method) [jar:file:/usr/lib/jvm/java-1.8.0-openjdk-1.8.0.25.x86_64/jre/lib/rt.jar!/sun/reflect/NativeConstructorAccessorImpl.class]
	at sun.reflect.NativeConstructorAccessorImpl.newInstance(NativeConstructorAccessorImpl.java:62) [jar:file:/usr/lib/jvm/java-1.8.0-openjdk-1.8.0.25.x86_64/jre/lib/rt.jar!/sun/reflect/NativeConstructorAccessorImpl.class]
	at sun.reflect.DelegatingConstructorAccessorImpl.newInstance(DelegatingConstructorAccessorImpl.java:45) [jar:file:/usr/lib/jvm/java-1.8.0-openjdk-1.8.0.25.x86_64/jre/lib/rt.jar!/sun/reflect/DelegatingConstructorAccessorImpl.class]
